Case #1:
1: CUXFCNL
2: YPSZMAB
3: JFWDPHN
4: MVZDONG
5: WBAHPSC
6: MULCYYX
7: UIADOKK
8: ZTYSWLJ
9: YPDMMFP
10: BUYQRZV
11: ZFBQHSB
12: PARLIRO
13: RRNBNTI
14: SIKIWOM
15: FVTHPSM
16: HEHIHSV
17: DIQGEQW
18: JOSTSBD
19: PLPNMRX
20: PEMVZHC
21: QALRRQD
22: DJBMEJX
23: JGKHVCG
24: JTGIOGC
Case #2:
1: UQXRNX
2: UEPLDP
3: AKUWYX
4: TQGMFZ
5: IGDECN
6: VJESFW
7: CQDDMW
8: PLXXXR
9: TTCGNA
10: TFEUBI
11: GBFKJW
12: RMZVTM
13: IBZGNN
14: BOWUKJ
15: SHFWBM
16: WPSNCX
17: VVAUBN
18: POPZYV
19: VRBZUL
20: XYNRWN
21: JKGQWE
22: PWUWQV
23: CLDIRG
24: CKNBSF
25: NZSWNX
26: EBHMRD
27: SCIIDA
28: JWGKYB
Case #3:
1: ZMXQHBQ
2: RSEYNXZ
3: HZOIMNB
4: FTTBIZI
5: ZYMYNPS
6: CKULLOU
7: EYTLNMJ
8: YCKHBAR
9: INWRCJZ
10: VWHAJBL
11: IBFESMN
12: UNFGSLK
13: UAQSZXU
14: IBOJBDJ
15: RJFZKKF
16: VQRRSJL
17: WNBURBZ
18: GYUHAEZ
19: SUVCYJN
20: URFHKAF
Case #4:
1: BOLT
2: GAY
3: PEIMENG
3: TIANBING
5: LARRY
Case #5:
1: SPGNW
2: NLFXP
3: XIMHJ
4: QCYKK
5: UITJL
6: MARKZ
7: MOUHX
8: QKMLE
9: JTYAF
10: CCYFT
11: YDLWK
12: SCOIE
13: CISJM
14: LZUUO
15: NIBQI
16: YADYA
17: IJRGO
18: VDNJO
Case #6:
1: VTXGIFIGXH
2: LTJUSOIRYK
3: EOTMBLABJC
4: KCCHGXLULK
5: GVVMIZQHRP
6: VSQGQWVXKR
7: PTZKWDUQST
8: ECMJUDQYFB
9: SYPUSRUCKZ
10: XALGZRYFSZ
11: LQLAHAOJHW
12: EZWGCABZCN
13: YUTZZNICNY
14: FOVHPAXXRC
15: TYQKJWQILF
16: KSMJZNYPJF
17: IESINCRYES
18: WTHFSBOGVD
19: YGDILRLFKE
20: MORDAFWSBI
21: OCTIURYUWK
22: QKRAGGHLSQ
23: JMEHRUUZXO
24: OALLGVSREP
25: AISNROSJMX
26: XVQYZZGYBK
27: TUSKJWBVLF
28: KVDFFQHWPN
29: PILETCSCFY
30: XVZIPRWAJU
31: LAZEOCRQDA
32: OFNBSWWKNC
33: WESYLAXYUJ
34: KGWWOWPODH
35: TTXXVDOSQQ
36: TOSGOAGEJQ
37: IAIGIMGLNI
38: NDNTNAMYFX
39: ZNKTCCKUNW
40: AZUWIOPGIL
41: YFVSFBYNPS
42: CCSBKKVHKE
43: IEJDSUFIBW
44: ZHESTYEHPJ
45: STOTZEVQVA
46: DLWXLJXIKU
47: ABSVARIIVV
48: TATXFYPOWG
49: ZWDQEVOZUY
50: KCYLNUQJLI
51: DWMCUCAKRD
52: IEKNNBJHAH
53: SQPLWFNEMW
54: SOWJAHHSSU
55: RSUBZFQHQD
56: CXBRGCEESN
57: XINHOHDTSE
58: ZPSQQRRWRS
59: LLJEXTCYQN
60: GQQHVUTCGR
61: VKOKFGEBLQ
62: TGGHZTHMSP
63: WOXQKFEZNO
64: DJJKOENEMI
65: GQRLIXJYZD
66: SRJNJOOJDD
67: DCQBNFYDQJ
68: RSFLNICYSX
69: DKLRNDPMNE
70: KGEHFZMTSC
71: WTTVETENMW
72: MVIPMORSUL
73: JNMXATGGXR
74: VDDFSQGBAJ
75: LMQGMKHKIA
76: LWRDAEPXNZ
77: NIJBBIFZAC
78: YACIMSOAWA
79: INMCDCTUAM
80: CIQAFBMFMW
81: FGWRKTMMRC
82: BLFZUXZTWS
83: WNAHRTLLYR
84: IGIOPNOBHG
85: KXRZGHHJCB
86: LEJCLGWGJE
87: XMRFLMCLFA
88: PICIUNHFLG
89: BUFTYUAWYR
90: RWOIZQPWIQ
91: DBNGLEBYPZ
91: EJAICVIIFA
93: FSVSSXNYFM
94: RQOHWAUFKC
95: FDBTNALCYV
95: RBEAFRHBAQ
97: UEFWPJSXTZ
98: HXEYEQKIBS
98: ZNPNWNPQTZ
100: VYEWURYFVX
Case #7:
1: QUYFNV
2: ZJDWJT
3: GKAEMM
4: GFHXSU
5: ROODHM
6: RVPPOT
7: VZYRCI
8: RCKRWZ
9: BTRNLR
10: HXOXFT
11: FTQLTN
12: KXGYWL
13: PNXUCO
14: CGKSYO
15: JASCML
16: BEORVD
17: ZKDPPK
18: ZYORDX
19: VKVXOH
20: KWOQTX
Case #8:
1: XENCF
2: VOMKF
3: QVVJZ
4: YGDNJ
5: WZTYL
6: VPRTU
7: UZUXM
8: RPYFG
9: PPVVB
10: UHTWA
11: FKHFX
12: CKDBT
13: WIYAP
14: VWOPW
15: UANVB
16: NVTCQ
17: EATZL
18: XNAKY
19: NTSBD
20: GFDEX
21: KTANW
22: UGMIC
23: ZEMWC
Case #9:
1: TCGXOCI
2: QVKZUNC
3: ELWHVDQ
4: YJFSZMC
5: MFRZWFW
6: GPXSMJX
7: PAAHSHA
8: LCRXKKZ
9: GKTUGUQ
10: DWBJHZT
11: KUMDWHD
12: OUZWMWP
13: NZRACKA
14: GZBDYPB
15: SSHQZWA
16: UFAYVXH
17: VZLYDWS
18: EPXJLAS
19: YHOICRU
20: DCJSCAT
21: DIFGSUZ
22: QUVZKQC
23: SOGJOGT
24: HQTDVVB
25: FWLNIEH
26: AFZUEHP
27: KTDMACG
Case #10:
1: VLFQFT
2: OOTSLS
3: PMRPQP
4: OKAEWB
5: KZHLWE
6: SZIICI
7: FOYVKD
8: ENNNXP
9: JPYAEQ
10: YEBXXC
11: MGSAJS
12: JKJJIT
13: UNODAM
14: GDQXYA
15: IWKPJD
16: TSQBAD
17: LICXZN
18: ABIFNI
19: OSHMVN
20: BFQTDP
